This file contains any messages produced by compilers while
running configure, to aid debugging if configure makes a mistake.

It was created by libxml2 configure 2.9.14, which was
generated by GNU Autoconf 2.71.  Invocation command line was

  $ ./configure

## --------- ##
## Platform. ##
## --------- ##

hostname = clip
uname -m = x86_64
uname -r = 6.8.9-200.fc39.x86_64
uname -s = Linux
uname -v = #1 SMP PREEMPT_DYNAMIC Thu May  2 18:44:19 UTC 2024

/usr/bin/uname -p = unknown
/bin/uname -X     = unknown

/bin/arch              = x86_64
/usr/bin/arch -k       = unknown
/usr/convex/getsysinfo = unknown
/usr/bin/hostinfo      = unknown
/bin/machine           = unknown
/usr/bin/oslevel       = unknown
/bin/universe          = unknown

PATH: /home/ejago/.pyenv/plugins/pyenv-virtualenv/shims/
PATH: /home/ejago/.pyenv/shims/
PATH: /home/ejago/.fly/bin/
PATH: /home/ejago/.pyenv/bin/
PATH: /home/ejago/.pyenv/plugins/pyenv-virtualenv/shims/
PATH: /home/ejago/.fly/bin/
PATH: /home/ejago/.pyenv/bin/
PATH: /usr/lib64/ccache/
PATH: /home/ejago/.npm-global/bin/
PATH: /usr/local/bin/
PATH: /usr/local/sbin/
PATH: /usr/bin/
PATH: /usr/sbin/
PATH: /usr/local/go/bin/
PATH: /home/ejago/go/bin/
PATH: /bin/
PATH: /etc/profile.d/modules.sh/
PATH: /home/ejago/.local/bin/
PATH: /usr/local/go/bin/
PATH: /home/ejago/go/bin/
PATH: /bin/
PATH: /etc/profile.d/modules.sh/
PATH: /home/ejago/.local/bin/


## ----------- ##
## Core tests. ##
## ----------- ##

configure:2695: looking for aux files: ltmain.sh compile missing install-sh config.guess config.sub
configure:2708:  trying ./
configure:2737:   ./ltmain.sh found
configure:2737:   ./compile found
configure:2737:   ./missing found
configure:2719:   ./install-sh found
configure:2737:   ./config.guess found
configure:2737:   ./config.sub found
configure:2852: checking whether to enable maintainer-specific portions of Makefiles
configure:2862: result: yes
configure:2883: checking build system type
configure:2898: result: x86_64-pc-linux-gnu
configure:2918: checking host system type
configure:2932: result: x86_64-pc-linux-gnu
configure:2998: checking for a BSD-compatible install
configure:3071: result: /usr/bin/install -c
configure:3082: checking whether build environment is sane
configure:3137: result: yes
configure:3296: checking for a race-free mkdir -p
configure:3340: result: /usr/bin/mkdir -p
configure:3347: checking for gawk
configure:3368: found /usr/bin/gawk
configure:3379: result: gawk
configure:3390: checking whether make sets $(MAKE)
configure:3413: result: yes
configure:3443: checking whether make supports nested variables
configure:3461: result: yes
configure:3613: checking whether make supports nested variables
configure:3631: result: yes
configure:3705: checking for gcc
configure:3726: found /usr/lib64/ccache/gcc
configure:3737: result: gcc
configure:4090: checking for C compiler version
configure:4099: gcc --version >&5
gcc (GCC) 13.2.1 20240316 (Red Hat 13.2.1-7)
Copyright (C) 2023 Free Software Foundation, Inc.
This is free software; see the source for copying conditions.  There is NO
warranty; not even for MERCHANTABILITY or FITNESS FOR A PARTICULAR PURPOSE.

configure:4110: $? = 0
configure:4099: gcc -v >&5
Using built-in specs.
COLLECT_GCC=/usr/bin/gcc
COLLECT_LTO_WRAPPER=/usr/libexec/gcc/x86_64-redhat-linux/13/lto-wrapper
OFFLOAD_TARGET_NAMES=nvptx-none
OFFLOAD_TARGET_DEFAULT=1
Target: x86_64-redhat-linux
Configured with: ../configure --enable-bootstrap --enable-languages=c,c++,fortran,objc,obj-c++,ada,go,d,m2,lto --prefix=/usr --mandir=/usr/share/man --infodir=/usr/share/info --with-bugurl=http://bugzilla.redhat.com/bugzilla --enable-shared --enable-threads=posix --enable-checking=release --enable-multilib --with-system-zlib --enable-__cxa_atexit --disable-libunwind-exceptions --enable-gnu-unique-object --enable-linker-build-id --with-gcc-major-version-only --enable-libstdcxx-backtrace --with-libstdcxx-zoneinfo=/usr/share/zoneinfo --with-linker-hash-style=gnu --enable-plugin --enable-initfini-array --with-isl=/builddir/build/BUILD/gcc-13.2.1-20240316/obj-x86_64-redhat-linux/isl-install --enable-offload-targets=nvptx-none --without-cuda-driver --enable-offload-defaulted --enable-gnu-indirect-function --enable-cet --with-tune=generic --with-arch_32=i686 --build=x86_64-redhat-linux --with-build-config=bootstrap-lto --enable-link-serialization=1
Thread model: posix
Supported LTO compression algorithms: zlib zstd
gcc version 13.2.1 20240316 (Red Hat 13.2.1-7) (GCC) 
... rest of stderr output deleted ...
configure:4110: $? = 0
configure:4099: gcc -V >&5
gcc: error: unrecognized command-line option '-V'
gcc: fatal error: no input files
compilation terminated.
configure:4110: $? = 1
configure:4099: gcc -qversion >&5
gcc: error: unrecognized command-line option '-qversion'; did you mean '--version'?
gcc: fatal error: no input files
compilation terminated.
configure:4110: $? = 1
configure:4099: gcc -version >&5
gcc: error: unrecognized command-line option '-version'
gcc: fatal error: no input files
compilation terminated.
configure:4110: $? = 1
configure:4130: checking whether the C compiler works
configure:4152: gcc    conftest.c  >&5
configure:4156: $? = 0
configure:4206: result: yes
configure:4209: checking for C compiler default output file name
configure:4211: result: a.out
configure:4217: checking for suffix of executables
configure:4224: gcc -o conftest    conftest.c  >&5
configure:4228: $? = 0
configure:4251: result: 
configure:4273: checking whether we are cross compiling
configure:4281: gcc -o conftest    conftest.c  >&5
configure:4285: $? = 0
configure:4292: ./conftest
configure:4296: $? = 0
configure:4311: result: no
configure:4316: checking for suffix of object files
configure:4339: gcc -c   conftest.c >&5
configure:4343: $? = 0
configure:4365: result: o
configure:4369: checking whether the compiler supports GNU C
configure:4389: gcc -c   conftest.c >&5
configure:4389: $? = 0
configure:4399: result: yes
configure:4410: checking whether gcc accepts -g
configure:4431: gcc -c -g  conftest.c >&5
configure:4431: $? = 0
configure:4475: result: yes
configure:4495: checking for gcc option to enable C11 features
configure:4510: gcc  -c -g -O2  conftest.c >&5
configure:4510: $? = 0
configure:4528: result: none needed
configure:4644: checking whether gcc understands -c and -o together
configure:4667: gcc -c conftest.c -o conftest2.o
configure:4670: $? = 0
configure:4667: gcc -c conftest.c -o conftest2.o
configure:4670: $? = 0
configure:4682: result: yes
configure:4702: checking whether make supports the include directive
configure:4717: make -f confmf.GNU && cat confinc.out
this is the am__doit target
configure:4720: $? = 0
configure:4739: result: yes (GNU style)
configure:4765: checking dependency style of gcc
configure:4877: result: gcc3
configure:4893: checking whether ln -s works
configure:4897: result: yes
configure:4910: checking how to run the C preprocessor
configure:4936: gcc -E  conftest.c
configure:4936: $? = 0
configure:4951: gcc -E  conftest.c
conftest.c:11:10: fatal error: ac_nonexistent.h: No such file or directory
   11 | #include <ac_nonexistent.h>
      |          ^~~~~~~~~~~~~~~~~~
compilation terminated.
configure:4951: $? = 1
configure: failed program was:
| /* confdefs.h */
| #define PACKAGE_NAME "libxml2"
| #define PACKAGE_TARNAME "libxml2"
| #define PACKAGE_VERSION "2.9.14"
| #define PACKAGE_STRING "libxml2 2.9.14"
| #define PACKAGE_BUGREPORT ""
| #define PACKAGE_URL ""
| #define PACKAGE "libxml2"
| #define VERSION "2.9.14"
| /* end confdefs.h.  */
| #include <ac_nonexistent.h>
configure:4978: result: gcc -E
configure:4992: gcc -E  conftest.c
configure:4992: $? = 0
configure:5007: gcc -E  conftest.c
conftest.c:11:10: fatal error: ac_nonexistent.h: No such file or directory
   11 | #include <ac_nonexistent.h>
      |          ^~~~~~~~~~~~~~~~~~
compilation terminated.
configure:5007: $? = 1
configure: failed program was:
| /* confdefs.h */
| #define PACKAGE_NAME "libxml2"
| #define PACKAGE_TARNAME "libxml2"
| #define PACKAGE_VERSION "2.9.14"
| #define PACKAGE_STRING "libxml2 2.9.14"
| #define PACKAGE_BUGREPORT ""
| #define PACKAGE_URL ""
| #define PACKAGE "libxml2"
| #define VERSION "2.9.14"
| /* end confdefs.h.  */
| #include <ac_nonexistent.h>
configure:5039: checking for mv
configure:5062: found /usr/bin/mv
configure:5075: result: /usr/bin/mv
configure:5085: checking for tar
configure:5108: found /usr/bin/tar
configure:5121: result: /usr/bin/tar
configure:5131: checking for perl
configure:5154: found /usr/bin/perl
configure:5167: result: /usr/bin/perl
configure:5177: checking for wget
configure:5200: found /usr/bin/wget
configure:5213: result: /usr/bin/wget
configure:5223: checking for xmllint
configure:5246: found /usr/bin/xmllint
configure:5259: result: /usr/bin/xmllint
configure:5269: checking for xsltproc
configure:5292: found /usr/bin/xsltproc
configure:5305: result: /usr/bin/xsltproc
configure:5372: checking for pkg-config
configure:5395: found /usr/bin/pkg-config
configure:5407: result: /usr/bin/pkg-config
configure:5432: checking pkg-config is at least version 0.9.0
configure:5435: result: yes
configure:5491: checking how to print strings
configure:5518: result: printf
configure:5539: checking for a sed that does not truncate output
configure:5609: result: /usr/bin/sed
configure:5627: checking for grep that handles long lines and -e
configure:5691: result: /usr/bin/grep
configure:5696: checking for egrep
configure:5764: result: /usr/bin/grep -E
configure:5769: checking for fgrep
configure:5837: result: /usr/bin/grep -F
configure:5873: checking for ld used by gcc
configure:5941: result: /usr/bin/ld
configure:5948: checking if the linker (/usr/bin/ld) is GNU ld
configure:5964: result: yes
configure:5976: checking for BSD- or MS-compatible name lister (nm)
configure:6031: result: /usr/bin/nm -B
configure:6171: checking the name lister (/usr/bin/nm -B) interface
configure:6179: gcc -c -g -O2  conftest.c >&5
configure:6182: /usr/bin/nm -B "conftest.o"
configure:6185: output
0000000000000000 B some_variable
configure:6192: result: BSD nm
configure:6196: checking the maximum length of command line arguments
configure:6328: result: 1572864
configure:6376: checking how to convert x86_64-pc-linux-gnu file names to x86_64-pc-linux-gnu format
configure:6417: result: func_convert_file_noop
configure:6424: checking how to convert x86_64-pc-linux-gnu file names to toolchain format
configure:6445: result: func_convert_file_noop
configure:6452: checking for /usr/bin/ld option to reload object files
configure:6460: result: -r
configure:6539: checking for file
configure:6560: found /usr/bin/file
configure:6571: result: file
configure:6647: checking for objdump
configure:6668: found /usr/bin/objdump
configure:6679: result: objdump
configure:6711: checking how to recognize dependent libraries
configure:6912: result: pass_all
configure:7002: checking for dlltool
configure:7037: result: no
configure:7067: checking how to associate runtime and link libraries
configure:7095: result: printf %s\n
configure:7161: checking for ar
configure:7182: found /usr/bin/ar
configure:7193: result: ar
configure:7246: checking for archiver @FILE support
configure:7264: gcc -c -g -O2  conftest.c >&5
configure:7264: $? = 0
configure:7268: ar cr libconftest.a @conftest.lst >&5
configure:7271: $? = 0
configure:7276: ar cr libconftest.a @conftest.lst >&5
ar: conftest.o: No such file or directory
configure:7279: $? = 1
configure:7291: result: @
configure:7354: checking for strip
configure:7375: found /usr/bin/strip
configure:7386: result: strip
configure:7463: checking for ranlib
configure:7484: found /usr/bin/ranlib
configure:7495: result: ranlib
configure:7597: checking command to parse /usr/bin/nm -B output from gcc object
configure:7751: gcc -c -g -O2  conftest.c >&5
configure:7754: $? = 0
configure:7758: /usr/bin/nm -B conftest.o \| /usr/bin/sed -n -e 's/^.*[ ]\([ABCDGIRSTW][ABCDGIRSTW]*\)[ ][ ]*\([_A-Za-z][_A-Za-z0-9]*\)$/\1 \2 \2/p' | /usr/bin/sed '/ __gnu_lto/d' \> conftest.nm
configure:7761: $? = 0
configure:7827: gcc -o conftest -g -O2   conftest.c conftstm.o >&5
configure:7830: $? = 0
configure:7868: result: ok
configure:7915: checking for sysroot
configure:7946: result: no
configure:7953: checking for a working dd
configure:7997: result: /usr/bin/dd
configure:8001: checking how to truncate binary pipes
configure:8017: result: /usr/bin/dd bs=4096 count=1
configure:8154: gcc -c -g -O2  conftest.c >&5
configure:8157: $? = 0
configure:8354: checking for mt
configure:8389: result: no
configure:8409: checking if : is a manifest tool
configure:8416: : '-?'
configure:8424: result: no
configure:9149: checking for stdio.h
configure:9149: gcc -c -g -O2  conftest.c >&5
configure:9149: $? = 0
configure:9149: result: yes
configure:9149: checking for stdlib.h
configure:9149: gcc -c -g -O2  conftest.c >&5
configure:9149: $? = 0
configure:9149: result: yes
configure:9149: checking for string.h
configure:9149: gcc -c -g -O2  conftest.c >&5
configure:9149: $? = 0
configure:9149: result: yes
configure:9149: checking for inttypes.h
configure:9149: gcc -c -g -O2  conftest.c >&5
configure:9149: $? = 0
configure:9149: result: yes
configure:9149: checking for stdint.h
configure:9149: gcc -c -g -O2  conftest.c >&5
configure:9149: $? = 0
configure:9149: result: yes
configure:9149: checking for strings.h
configure:9149: gcc -c -g -O2  conftest.c >&5
configure:9149: $? = 0
configure:9149: result: yes
configure:9149: checking for sys/stat.h
configure:9149: gcc -c -g -O2  conftest.c >&5
configure:9149: $? = 0
configure:9149: result: yes
configure:9149: checking for sys/types.h
configure:9149: gcc -c -g -O2  conftest.c >&5
configure:9149: $? = 0
configure:9149: result: yes
configure:9149: checking for unistd.h
configure:9149: gcc -c -g -O2  conftest.c >&5
configure:9149: $? = 0
configure:9149: result: yes
configure:9174: checking for dlfcn.h
configure:9174: gcc -c -g -O2  conftest.c >&5
configure:9174: $? = 0
configure:9174: result: yes
configure:9433: checking for objdir
configure:9449: result: .libs
configure:9713: checking if gcc supports -fno-rtti -fno-exceptions
configure:9732: gcc -c -g -O2  -fno-rtti -fno-exceptions conftest.c >&5
cc1: warning: command-line option '-fno-rtti' is valid for C++/D/ObjC++ but not for C
configure:9736: $? = 0
configure:9749: result: no
configure:10107: checking for gcc option to produce PIC
configure:10115: result: -fPIC -DPIC
configure:10123: checking if gcc PIC flag -fPIC -DPIC works
configure:10142: gcc -c -g -O2  -fPIC -DPIC -DPIC conftest.c >&5
configure:10146: $? = 0
configure:10159: result: yes
configure:10188: checking if gcc static flag -static works
configure:10217: result: no
configure:10232: checking if gcc supports -c -o file.o
configure:10254: gcc -c -g -O2  -o out/conftest2.o conftest.c >&5
configure:10258: $? = 0
configure:10280: result: yes
configure:10288: checking if gcc supports -c -o file.o
configure:10336: result: yes
configure:10369: checking whether the gcc linker (/usr/bin/ld -m elf_x86_64) supports shared libraries
configure:11637: result: yes
configure:11674: checking whether -lc should be explicitly linked in
configure:11683: gcc -c -g -O2  conftest.c >&5
configure:11686: $? = 0
configure:11701: gcc -shared  -fPIC -DPIC conftest.o  -v -Wl,-soname -Wl,conftest -o conftest 2\>\&1 \| /usr/bin/grep  -lc  \>/dev/null 2\>\&1
configure:11704: $? = 0
configure:11718: result: no
configure:11878: checking dynamic linker characteristics
configure:12460: gcc -o conftest -g -O2   -Wl,-rpath -Wl,/foo conftest.c  >&5
configure:12460: $? = 0
configure:12702: result: GNU/Linux ld.so
configure:12824: checking how to hardcode library paths into programs
configure:12849: result: immediate
configure:13401: checking whether stripping libraries is possible
configure:13410: result: yes
configure:13452: checking if libtool supports shared libraries
configure:13454: result: yes
configure:13457: checking whether to build shared libraries
configure:13482: result: yes
configure:13485: checking whether to build static libraries
configure:13489: result: yes
configure:14051: checking for zlib
configure:14058: $PKG_CONFIG --exists --print-errors "zlib"
configure:14061: $? = 0
configure:14075: $PKG_CONFIG --exists --print-errors "zlib"
configure:14078: $? = 0
configure:14116: result: yes
configure:14204: checking for liblzma
configure:14211: $PKG_CONFIG --exists --print-errors "liblzma"
configure:14214: $? = 0
configure:14228: $PKG_CONFIG --exists --print-errors "liblzma"
configure:14231: $? = 0
configure:14269: result: yes
configure:14351: checking for dirent.h that defines DIR
configure:14371: gcc -c -g -O2  conftest.c >&5
configure:14371: $? = 0
configure:14380: result: yes
configure:14394: checking for library containing opendir
configure:14424: gcc -o conftest -g -O2   conftest.c  >&5
configure:14424: $? = 0
configure:14444: result: none required
configure:14518: checking for egrep
configure:14586: result: /usr/bin/grep -E
configure:14592: checking for fcntl.h
configure:14592: gcc -c -g -O2  conftest.c >&5
configure:14592: $? = 0
configure:14592: result: yes
configure:14599: checking for unistd.h
configure:14599: result: yes
configure:14606: checking for ctype.h
configure:14606: gcc -c -g -O2  conftest.c >&5
configure:14606: $? = 0
configure:14606: result: yes
configure:14613: checking for errno.h
configure:14613: gcc -c -g -O2  conftest.c >&5
configure:14613: $? = 0
configure:14613: result: yes
configure:14620: checking for malloc.h
configure:14620: gcc -c -g -O2  conftest.c >&5
configure:14620: $? = 0
configure:14620: result: yes
configure:14627: checking for stdarg.h
configure:14627: gcc -c -g -O2  conftest.c >&5
configure:14627: $? = 0
configure:14627: result: yes
configure:14634: checking for sys/stat.h
configure:14634: result: yes
configure:14641: checking for sys/types.h
configure:14641: result: yes
configure:14648: checking for stdint.h
configure:14648: result: yes
configure:14655: checking for inttypes.h
configure:14655: result: yes
configure:14662: checking for time.h
configure:14662: gcc -c -g -O2  conftest.c >&5
configure:14662: $? = 0
configure:14662: result: yes
configure:14669: checking for math.h
configure:14669: gcc -c -g -O2  conftest.c >&5
configure:14669: $? = 0
configure:14669: result: yes
configure:14676: checking for limits.h
configure:14676: gcc -c -g -O2  conftest.c >&5
configure:14676: $? = 0
configure:14676: result: yes
configure:14683: checking for float.h
configure:14683: gcc -c -g -O2  conftest.c >&5
configure:14683: $? = 0
configure:14683: result: yes
configure:14690: checking for stdlib.h
configure:14690: result: yes
configure:14697: checking for sys/socket.h
configure:14697: gcc -c -g -O2  conftest.c >&5
configure:14697: $? = 0
configure:14697: result: yes
configure:14708: checking for netinet/in.h
configure:14708: gcc -c -g -O2  conftest.c >&5
configure:14708: $? = 0
configure:14708: result: yes
configure:14719: checking for arpa/inet.h
configure:14719: gcc -c -g -O2  conftest.c >&5
configure:14719: $? = 0
configure:14719: result: yes
configure:14733: checking for netdb.h
configure:14733: gcc -c -g -O2  conftest.c >&5
configure:14733: $? = 0
configure:14733: result: yes
configure:14740: checking for sys/time.h
configure:14740: gcc -c -g -O2  conftest.c >&5
configure:14740: $? = 0
configure:14740: result: yes
configure:14747: checking for sys/select.h
configure:14747: gcc -c -g -O2  conftest.c >&5
configure:14747: $? = 0
configure:14747: result: yes
configure:14754: checking for poll.h
configure:14754: gcc -c -g -O2  conftest.c >&5
configure:14754: $? = 0
configure:14754: result: yes
configure:14761: checking for sys/mman.h
configure:14761: gcc -c -g -O2  conftest.c >&5
configure:14761: $? = 0
configure:14761: result: yes
configure:14768: checking for sys/timeb.h
configure:14768: gcc -c -g -O2  conftest.c >&5
configure:14768: $? = 0
configure:14768: result: yes
configure:14775: checking for signal.h
configure:14775: gcc -c -g -O2  conftest.c >&5
configure:14775: $? = 0
configure:14775: result: yes
configure:14782: checking for arpa/nameser.h
configure:14782: gcc -c -g -O2  conftest.c >&5
configure:14782: $? = 0
configure:14782: result: yes
configure:14793: checking for resolv.h
configure:14793: gcc -c -g -O2  conftest.c >&5
configure:14793: $? = 0
configure:14793: result: yes
configure:14810: checking for dl.h
configure:14810: gcc -c -g -O2  conftest.c >&5
conftest.c:79:10: fatal error: dl.h: No such file or directory
   79 | #include <dl.h>
      |          ^~~~~~
compilation terminated.
configure:14810: $? = 1
configure: failed program was:
| /* confdefs.h */
| #define PACKAGE_NAME "libxml2"
| #define PACKAGE_TARNAME "libxml2"
| #define PACKAGE_VERSION "2.9.14"
| #define PACKAGE_STRING "libxml2 2.9.14"
| #define PACKAGE_BUGREPORT ""
| #define PACKAGE_URL ""
| #define PACKAGE "libxml2"
| #define VERSION "2.9.14"
| #define HAVE_STDIO_H 1
| #define HAVE_STDLIB_H 1
| #define HAVE_STRING_H 1
| #define HAVE_INTTYPES_H 1
| #define HAVE_STDINT_H 1
| #define HAVE_STRINGS_H 1
| #define HAVE_SYS_STAT_H 1
| #define HAVE_SYS_TYPES_H 1
| #define HAVE_UNISTD_H 1
| #define STDC_HEADERS 1
| #define HAVE_DLFCN_H 1
| #define LT_OBJDIR ".libs/"
| #define HAVE_DIRENT_H 1
| #define HAVE_FCNTL_H 1
| #define HAVE_UNISTD_H 1
| #define HAVE_CTYPE_H 1
| #define HAVE_ERRNO_H 1
| #define HAVE_MALLOC_H 1
| #define HAVE_STDARG_H 1
| #define HAVE_SYS_STAT_H 1
| #define HAVE_SYS_TYPES_H 1
| #define HAVE_STDINT_H 1
| #define HAVE_INTTYPES_H 1
| #define HAVE_TIME_H 1
| #define HAVE_MATH_H 1
| #define HAVE_LIMITS_H 1
| #define HAVE_FLOAT_H 1
| #define HAVE_STDLIB_H 1
| #define HAVE_SYS_SOCKET_H 1
| #define HAVE_NETINET_IN_H 1
| #define HAVE_ARPA_INET_H 1
| #define HAVE_NETDB_H 1
| #define HAVE_SYS_TIME_H 1
| #define HAVE_SYS_SELECT_H 1
| #define HAVE_POLL_H 1
| #define HAVE_SYS_MMAN_H 1
| #define HAVE_SYS_TIMEB_H 1
| #define HAVE_SIGNAL_H 1
| #define HAVE_ARPA_NAMESER_H 1
| #define HAVE_RESOLV_H 1
| /* end confdefs.h.  */
| #include <stddef.h>
| #ifdef HAVE_STDIO_H
| # include <stdio.h>
| #endif
| #ifdef HAVE_STDLIB_H
| # include <stdlib.h>
| #endif
| #ifdef HAVE_STRING_H
| # include <string.h>
| #endif
| #ifdef HAVE_INTTYPES_H
| # include <inttypes.h>
| #endif
| #ifdef HAVE_STDINT_H
| # include <stdint.h>
| #endif
| #ifdef HAVE_STRINGS_H
| # include <strings.h>
| #endif
| #ifdef HAVE_SYS_TYPES_H
| # include <sys/types.h>
| #endif
| #ifdef HAVE_SYS_STAT_H
| # include <sys/stat.h>
| #endif
| #ifdef HAVE_UNISTD_H
| # include <unistd.h>
| #endif
| #include <dl.h>
configure:14810: result: no
configure:14817: checking for dlfcn.h
configure:14817: result: yes
configure:14828: checking for uint32_t
configure:14828: gcc -c -g -O2  conftest.c >&5
configure:14828: $? = 0
configure:14828: result: yes
configure:14847: checking for strftime
configure:14847: gcc -o conftest -g -O2   conftest.c  >&5
conftest.c:68:6: warning: conflicting types for built-in function 'strftime'; expected 'long unsigned int(char *, long unsigned int,  const char *, const void *)' [-Wbuiltin-declaration-mismatch]
   68 | char strftime ();
      |      ^~~~~~~~
conftest.c:60:1: note: 'strftime' is declared in header '<time.h>'
   59 | #include <limits.h>
   60 | #undef strftime
configure:14847: $? = 0
configure:14847: result: yes
configure:14899: checking for strftime
configure:14899: result: yes
configure:14905: checking for localtime
configure:14905: gcc -o conftest -g -O2   conftest.c  >&5
configure:14905: $? = 0
configure:14905: result: yes
configure:14911: checking for gettimeofday
configure:14911: gcc -o conftest -g -O2   conftest.c  >&5
configure:14911: $? = 0
configure:14911: result: yes
configure:14917: checking for ftime
configure:14917: gcc -o conftest -g -O2   conftest.c  >&5
configure:14917: $? = 0
configure:14917: result: yes
configure:14924: checking for stat
configure:14924: gcc -o conftest -g -O2   conftest.c  >&5
configure:14924: $? = 0
configure:14924: result: yes
configure:14930: checking for signal
configure:14930: gcc -o conftest -g -O2   conftest.c  >&5
configure:14930: $? = 0
configure:14930: result: yes
configure:14937: checking for rand
configure:14937: gcc -o conftest -g -O2   conftest.c  >&5
configure:14937: $? = 0
configure:14937: result: yes
configure:14943: checking for rand_r
configure:14943: gcc -o conftest -g -O2   conftest.c  >&5
configure:14943: $? = 0
configure:14943: result: yes
configure:14949: checking for srand
configure:14949: gcc -o conftest -g -O2   conftest.c  >&5
configure:14949: $? = 0
configure:14949: result: yes
configure:14955: checking for time
configure:14955: gcc -o conftest -g -O2   conftest.c  >&5
configure:14955: $? = 0
configure:14955: result: yes
configure:14962: checking for isascii
configure:14962: gcc -o conftest -g -O2   conftest.c  >&5
conftest.c:79:6: warning: conflicting types for built-in function 'isascii'; expected 'int(int)' [-Wbuiltin-declaration-mismatch]
   79 | char isascii ();
      |      ^~~~~~~
configure:14962: $? = 0
configure:14962: result: yes
configure:14968: checking for mmap
configure:14968: gcc -o conftest -g -O2   conftest.c  >&5
configure:14968: $? = 0
configure:14968: result: yes
configure:14974: checking for munmap
configure:14974: gcc -o conftest -g -O2   conftest.c  >&5
configure:14974: $? = 0
configure:14974: result: yes
configure:14980: checking for putenv
configure:14980: gcc -o conftest -g -O2   conftest.c  >&5
configure:14980: $? = 0
configure:14980: result: yes
configure:14990: checking for va_copy
configure:15004: gcc -o conftest -g -O2   conftest.c  >&5
configure:15004: $? = 0
configure:15012: result: yes
configure:15050: checking whether va_list is an array type
configure:15063: gcc -c -g -O2  conftest.c >&5
configure: In function 'main':
configure:15059:34: error: cast specifies array type
15059 | 
      |                                  ^
configure: failed program was:
#line 15053 "configure"
#include "confdefs.h"

#include <stdarg.h>
void a(va_list * ap) {}
int main(void) {

va_list ap1, ap2; a(&ap1); ap2 = (va_list) ap1
; return 0; }
configure:15073: result: yes
configure:15081: checking for library containing gethostent
configure:15111: gcc -o conftest -g -O2   conftest.c  >&5
configure:15111: $? = 0
configure:15131: result: none required
configure:15140: checking for library containing setsockopt
configure:15170: gcc -o conftest -g -O2   conftest.c  >&5
configure:15170: $? = 0
configure:15190: result: none required
configure:15199: checking for library containing connect
configure:15229: gcc -o conftest -g -O2   conftest.c  >&5
configure:15229: $? = 0
configure:15249: result: none required
configure:15259: checking for type of socket length (socklen_t)
configure:15273: gcc -c -g -O2  conftest.c >&5
configure:15276: result: socklen_t *
configure:15343: checking for const gethostbyname() argument
configure:15356: gcc -o conftest -g -O2   conftest.c  >&5
configure:15356: $? = 0
configure:15364: result: yes
configure:15376: checking for const send() second argument
configure:15390: gcc -o conftest -g -O2   conftest.c  >&5
configure:15390: $? = 0
configure:15398: result: yes
configure:15410: checking whether __attribute__((destructor)) is accepted
configure:15422: gcc -c -g -O2  conftest.c >&5
configure:15425: result: yes
configure:15445: checking whether to enable IPv6
configure:15478: gcc -c -g -O2  conftest.c >&5
configure:15478: $? = 0
configure:15486: result: yes
configure:15495: checking struct sockaddr::ss_family
configure:15514: gcc -c -g -O2  conftest.c >&5
configure:15514: $? = 0
configure:15522: result: yes
configure:15568: checking for getaddrinfo
configure:15568: gcc -o conftest -g -O2   conftest.c  >&5
configure:15568: $? = 0
configure:15568: result: yes
configure:15901: checking for shl_load
configure:15901: gcc -o conftest -g -O2   conftest.c  >&5
/usr/bin/ld: /tmp/ccBmAjo2.o: in function `main':
/home/ejago/Repos/Projects/WikiMapper/lib/libxml2-2.9.14/conftest.c:103: undefined reference to `shl_load'
collect2: error: ld returned 1 exit status
configure:15901: $? = 1
configure: failed program was:
| /* confdefs.h */
| #define PACKAGE_NAME "libxml2"
| #define PACKAGE_TARNAME "libxml2"
| #define PACKAGE_VERSION "2.9.14"
| #define PACKAGE_STRING "libxml2 2.9.14"
| #define PACKAGE_BUGREPORT ""
| #define PACKAGE_URL ""
| #define PACKAGE "libxml2"
| #define VERSION "2.9.14"
| #define HAVE_STDIO_H 1
| #define HAVE_STDLIB_H 1
| #define HAVE_STRING_H 1
| #define HAVE_INTTYPES_H 1
| #define HAVE_STDINT_H 1
| #define HAVE_STRINGS_H 1
| #define HAVE_SYS_STAT_H 1
| #define HAVE_SYS_TYPES_H 1
| #define HAVE_UNISTD_H 1
| #define STDC_HEADERS 1
| #define HAVE_DLFCN_H 1
| #define LT_OBJDIR ".libs/"
| #define HAVE_DIRENT_H 1
| #define HAVE_FCNTL_H 1
| #define HAVE_UNISTD_H 1
| #define HAVE_CTYPE_H 1
| #define HAVE_ERRNO_H 1
| #define HAVE_MALLOC_H 1
| #define HAVE_STDARG_H 1
| #define HAVE_SYS_STAT_H 1
| #define HAVE_SYS_TYPES_H 1
| #define HAVE_STDINT_H 1
| #define HAVE_INTTYPES_H 1
| #define HAVE_TIME_H 1
| #define HAVE_MATH_H 1
| #define HAVE_LIMITS_H 1
| #define HAVE_FLOAT_H 1
| #define HAVE_STDLIB_H 1
| #define HAVE_SYS_SOCKET_H 1
| #define HAVE_NETINET_IN_H 1
| #define HAVE_ARPA_INET_H 1
| #define HAVE_NETDB_H 1
| #define HAVE_SYS_TIME_H 1
| #define HAVE_SYS_SELECT_H 1
| #define HAVE_POLL_H 1
| #define HAVE_SYS_MMAN_H 1
| #define HAVE_SYS_TIMEB_H 1
| #define HAVE_SIGNAL_H 1
| #define HAVE_ARPA_NAMESER_H 1
| #define HAVE_RESOLV_H 1
| #define HAVE_DLFCN_H 1
| #define HAVE_STRFTIME 1
| #define HAVE_STRFTIME 1
| #define HAVE_LOCALTIME 1
| #define HAVE_GETTIMEOFDAY 1
| #define HAVE_FTIME 1
| #define HAVE_STAT 1
| #define HAVE_SIGNAL 1
| #define HAVE_RAND 1
| #define HAVE_RAND_R 1
| #define HAVE_SRAND 1
| #define HAVE_TIME 1
| #define HAVE_ISASCII 1
| #define HAVE_MMAP 1
| #define HAVE_MUNMAP 1
| #define HAVE_PUTENV 1
| #define HAVE_VA_COPY 1
| #define VA_LIST_IS_ARRAY 1
| #define XML_SOCKLEN_T socklen_t
| #define GETHOSTBYNAME_ARG_CAST /**/
| #define SEND_ARG2_CAST /**/
| #define HAVE_ATTRIBUTE_DESTRUCTOR 1
| #define ATTRIBUTE_DESTRUCTOR __attribute__((destructor))
| #define SUPPORT_IP6 /**/
| #define HAVE_GETADDRINFO /**/
| /* end confdefs.h.  */
| /* Define shl_load to an innocuous variant, in case <limits.h> declares shl_load.
|    For example, HP-UX 11i <limits.h> declares gettimeofday.  */
| #define shl_load innocuous_shl_load
| 
| /* System header to define __stub macros and hopefully few prototypes,
|    which can conflict with char shl_load (); below.  */
| 
| #include <limits.h>
| #undef shl_load
| 
| /* Override any GCC internal prototype to avoid an error.
|    Use char because int might match the return type of a GCC
|    builtin and then its argument prototype would still apply.  */
| #ifdef __cplusplus
| extern "C"
| #endif
| char shl_load ();
| /* The GNU C library defines this for functions which it implements
|     to always fail with ENOSYS.  Some functions are actually named
|     something starting with __ and the normal name is an alias.  */
| #if defined __stub_shl_load || defined __stub___shl_load
| choke me
| #endif
| 
| int
| main (void)
| {
| return shl_load ();
|   ;
|   return 0;
| }
configure:15901: result: no
configure:15907: checking for shl_load in -ldld
configure:15930: gcc -o conftest -g -O2   conftest.c -ldld   >&5
/usr/bin/ld: cannot find -ldld: No such file or directory
collect2: error: ld returned 1 exit status
configure:15930: $? = 1
configure: failed program was:
| /* confdefs.h */
| #define PACKAGE_NAME "libxml2"
| #define PACKAGE_TARNAME "libxml2"
| #define PACKAGE_VERSION "2.9.14"
| #define PACKAGE_STRING "libxml2 2.9.14"
| #define PACKAGE_BUGREPORT ""
| #define PACKAGE_URL ""
| #define PACKAGE "libxml2"
| #define VERSION "2.9.14"
| #define HAVE_STDIO_H 1
| #define HAVE_STDLIB_H 1
| #define HAVE_STRING_H 1
| #define HAVE_INTTYPES_H 1
| #define HAVE_STDINT_H 1
| #define HAVE_STRINGS_H 1
| #define HAVE_SYS_STAT_H 1
| #define HAVE_SYS_TYPES_H 1
| #define HAVE_UNISTD_H 1
| #define STDC_HEADERS 1
| #define HAVE_DLFCN_H 1
| #define LT_OBJDIR ".libs/"
| #define HAVE_DIRENT_H 1
| #define HAVE_FCNTL_H 1
| #define HAVE_UNISTD_H 1
| #define HAVE_CTYPE_H 1
| #define HAVE_ERRNO_H 1
| #define HAVE_MALLOC_H 1
| #define HAVE_STDARG_H 1
| #define HAVE_SYS_STAT_H 1
| #define HAVE_SYS_TYPES_H 1
| #define HAVE_STDINT_H 1
| #define HAVE_INTTYPES_H 1
| #define HAVE_TIME_H 1
| #define HAVE_MATH_H 1
| #define HAVE_LIMITS_H 1
| #define HAVE_FLOAT_H 1
| #define HAVE_STDLIB_H 1
| #define HAVE_SYS_SOCKET_H 1
| #define HAVE_NETINET_IN_H 1
| #define HAVE_ARPA_INET_H 1
| #define HAVE_NETDB_H 1
| #define HAVE_SYS_TIME_H 1
| #define HAVE_SYS_SELECT_H 1
| #define HAVE_POLL_H 1
| #define HAVE_SYS_MMAN_H 1
| #define HAVE_SYS_TIMEB_H 1
| #define HAVE_SIGNAL_H 1
| #define HAVE_ARPA_NAMESER_H 1
| #define HAVE_RESOLV_H 1
| #define HAVE_DLFCN_H 1
| #define HAVE_STRFTIME 1
| #define HAVE_STRFTIME 1
| #define HAVE_LOCALTIME 1
| #define HAVE_GETTIMEOFDAY 1
| #define HAVE_FTIME 1
| #define HAVE_STAT 1
| #define HAVE_SIGNAL 1
| #define HAVE_RAND 1
| #define HAVE_RAND_R 1
| #define HAVE_SRAND 1
| #define HAVE_TIME 1
| #define HAVE_ISASCII 1
| #define HAVE_MMAP 1
| #define HAVE_MUNMAP 1
| #define HAVE_PUTENV 1
| #define HAVE_VA_COPY 1
| #define VA_LIST_IS_ARRAY 1
| #define XML_SOCKLEN_T socklen_t
| #define GETHOSTBYNAME_ARG_CAST /**/
| #define SEND_ARG2_CAST /**/
| #define HAVE_ATTRIBUTE_DESTRUCTOR 1
| #define ATTRIBUTE_DESTRUCTOR __attribute__((destructor))
| #define SUPPORT_IP6 /**/
| #define HAVE_GETADDRINFO /**/
| /* end confdefs.h.  */
| 
| /* Override any GCC internal prototype to avoid an error.
|    Use char because int might match the return type of a GCC
|    builtin and then its argument prototype would still apply.  */
| char shl_load ();
| int
| main (void)
| {
| return shl_load ();
|   ;
|   return 0;
| }
configure:15940: result: no
configure:15949: checking for dlopen
configure:15949: gcc -o conftest -g -O2   conftest.c  >&5
configure:15949: $? = 0
configure:15949: result: yes
configure:16108: checking for pthread.h
configure:16108: gcc -c -g -O2  conftest.c >&5
configure:16108: $? = 0
configure:16108: result: yes
configure:16111: checking for pthread_join in -lpthread
configure:16134: gcc -o conftest -g -O2   conftest.c -lpthread   >&5
configure:16134: $? = 0
configure:16144: result: yes
configure:16651: checking for iconv.h
configure:16651: gcc -c -g -O2  conftest.c >&5
configure:16651: $? = 0
configure:16651: result: yes
configure:16654: checking for iconv
configure:16670: gcc -o conftest -g -O2   conftest.c  >&5
configure:16670: $? = 0
configure:16673: result: yes
configure:16727: checking for iconv declaration
configure:16756: gcc -c -g -O2  conftest.c >&5
configure:16756: $? = 0
configure:16767: result: 
	extern size_t iconv (iconv_t cd,  char * *inbuf, size_t *inbytesleft, char * *outbuf, size_t *outbytesleft);
configure:17108: checking for printf
configure:17108: gcc -o conftest -g -O2   conftest.c  >&5
conftest.c:95:6: warning: conflicting types for built-in function 'printf'; expected 'int(const char *, ...)' [-Wbuiltin-declaration-mismatch]
   95 | char printf ();
      |      ^~~~~~
conftest.c:87:1: note: 'printf' is declared in header '<stdio.h>'
   86 | #include <limits.h>
   87 | #undef printf
configure:17108: $? = 0
configure:17108: result: yes
configure:17108: checking for sprintf
configure:17108: gcc -o conftest -g -O2   conftest.c  >&5
conftest.c:96:6: warning: conflicting types for built-in function 'sprintf'; expected 'int(char *, const char *, ...)' [-Wbuiltin-declaration-mismatch]
   96 | char sprintf ();
      |      ^~~~~~~
conftest.c:88:1: note: 'sprintf' is declared in header '<stdio.h>'
   87 | #include <limits.h>
   88 | #undef sprintf
configure:17108: $? = 0
configure:17108: result: yes
configure:17108: checking for fprintf
configure:17108: gcc -o conftest -g -O2   conftest.c  >&5
conftest.c:97:6: warning: conflicting types for built-in function 'fprintf'; expected 'int(void *, const char *, ...)' [-Wbuiltin-declaration-mismatch]
   97 | char fprintf ();
      |      ^~~~~~~
conftest.c:89:1: note: 'fprintf' is declared in header '<stdio.h>'
   88 | #include <limits.h>
   89 | #undef fprintf
configure:17108: $? = 0
configure:17108: result: yes
configure:17108: checking for snprintf
configure:17108: gcc -o conftest -g -O2   conftest.c  >&5
conftest.c:98:6: warning: conflicting types for built-in function 'snprintf'; expected 'int(char *, long unsigned int,  const char *, ...)' [-Wbuiltin-declaration-mismatch]
   98 | char snprintf ();
      |      ^~~~~~~~
conftest.c:90:1: note: 'snprintf' is declared in header '<stdio.h>'
   89 | #include <limits.h>
   90 | #undef snprintf
configure:17108: $? = 0
configure:17108: result: yes
configure:17108: checking for vfprintf
configure:17108: gcc -o conftest -g -O2   conftest.c  >&5
conftest.c:99:6: warning: conflicting types for built-in function 'vfprintf'; expected 'int(void *, const char *, __va_list_tag *)' [-Wbuiltin-declaration-mismatch]
   99 | char vfprintf ();
      |      ^~~~~~~~
conftest.c:91:1: note: 'vfprintf' is declared in header '<stdio.h>'
   90 | #include <limits.h>
   91 | #undef vfprintf
configure:17108: $? = 0
configure:17108: result: yes
configure:17108: checking for vsprintf
configure:17108: gcc -o conftest -g -O2   conftest.c  >&5
conftest.c:100:6: warning: conflicting types for built-in function 'vsprintf'; expected 'int(char *, const char *, __va_list_tag *)' [-Wbuiltin-declaration-mismatch]
  100 | char vsprintf ();
      |      ^~~~~~~~
conftest.c:92:1: note: 'vsprintf' is declared in header '<stdio.h>'
   91 | #include <limits.h>
   92 | #undef vsprintf
configure:17108: $? = 0
configure:17108: result: yes
configure:17108: checking for vsnprintf
configure:17108: gcc -o conftest -g -O2   conftest.c  >&5
conftest.c:101:6: warning: conflicting types for built-in function 'vsnprintf'; expected 'int(char *, long unsigned int,  const char *, __va_list_tag *)' [-Wbuiltin-declaration-mismatch]
  101 | char vsnprintf ();
      |      ^~~~~~~~~
conftest.c:93:1: note: 'vsnprintf' is declared in header '<stdio.h>'
   92 | #include <limits.h>
   93 | #undef vsnprintf
configure:17108: $? = 0
configure:17108: result: yes
configure:17108: checking for sscanf
configure:17108: gcc -o conftest -g -O2   conftest.c  >&5
conftest.c:102:6: warning: conflicting types for built-in function 'sscanf'; expected 'int(const char *, const char *, ...)' [-Wbuiltin-declaration-mismatch]
  102 | char sscanf ();
      |      ^~~~~~
conftest.c:94:1: note: 'sscanf' is declared in header '<stdio.h>'
   93 | #include <limits.h>
   94 | #undef sscanf
configure:17108: $? = 0
configure:17108: result: yes
configure:17270: checking that generated files are newer than configure
configure:17276: result: done
configure:17323: creating ./config.status

## ---------------------- ##
## Running config.status. ##
## ---------------------- ##

This file was extended by libxml2 config.status 2.9.14, which was
generated by GNU Autoconf 2.71.  Invocation command line was

  CONFIG_FILES    = 
  CONFIG_HEADERS  = 
  CONFIG_LINKS    = 
  CONFIG_COMMANDS = 
  $ ./config.status 

on clip

config.status:1297: creating libxml2.spec
config.status:1297: creating Makefile
config.status:1297: creating include/Makefile
config.status:1297: creating include/libxml/Makefile
config.status:1297: creating doc/Makefile
config.status:1297: creating doc/examples/Makefile
config.status:1297: creating doc/devhelp/Makefile
config.status:1297: creating example/Makefile
config.status:1297: creating fuzz/Makefile
config.status:1297: creating python/Makefile
config.status:1297: creating python/tests/Makefile
config.status:1297: creating xstc/Makefile
config.status:1297: creating include/libxml/xmlversion.h
config.status:1297: creating libxml-2.0.pc
config.status:1297: creating libxml-2.0-uninstalled.pc
config.status:1297: creating libxml2-config.cmake
config.status:1297: creating python/setup.py
config.status:1297: creating xml2-config
config.status:1297: creating config.h
config.status:1526: executing depfiles commands
config.status:1603: cd .       && sed -e '/# am--include-marker/d' Makefile         | make -f - am--depfiles
config.status:1608: $? = 0
config.status:1603: cd doc/examples       && sed -e '/# am--include-marker/d' Makefile         | make -f - am--depfiles
config.status:1608: $? = 0
config.status:1603: cd example       && sed -e '/# am--include-marker/d' Makefile         | make -f - am--depfiles
config.status:1608: $? = 0
config.status:1603: cd fuzz       && sed -e '/# am--include-marker/d' Makefile         | make -f - am--depfiles
config.status:1608: $? = 0
config.status:1603: cd python       && sed -e '/# am--include-marker/d' Makefile         | make -f - am--depfiles
config.status:1608: $? = 0
config.status:1526: executing libtool commands

## ---------------- ##
## Cache variables. ##
## ---------------- ##

ac_cv_build=x86_64-pc-linux-gnu
ac_cv_c_compiler_gnu=yes
ac_cv_c_uint32_t=yes
ac_cv_env_CC_set=
ac_cv_env_CC_value=
ac_cv_env_CFLAGS_set=
ac_cv_env_CFLAGS_value=
ac_cv_env_CPPFLAGS_set=
ac_cv_env_CPPFLAGS_value=
ac_cv_env_CPP_set=
ac_cv_env_CPP_value=
ac_cv_env_ICU_CFLAGS_set=
ac_cv_env_ICU_CFLAGS_value=
ac_cv_env_ICU_DEFS_set=
ac_cv_env_ICU_DEFS_value=
ac_cv_env_ICU_LIBS_set=
ac_cv_env_ICU_LIBS_value=
ac_cv_env_LDFLAGS_set=
ac_cv_env_LDFLAGS_value=
ac_cv_env_LIBS_set=
ac_cv_env_LIBS_value=
ac_cv_env_LT_SYS_LIBRARY_PATH_set=
ac_cv_env_LT_SYS_LIBRARY_PATH_value=
ac_cv_env_LZMA_CFLAGS_set=
ac_cv_env_LZMA_CFLAGS_value=
ac_cv_env_LZMA_LIBS_set=
ac_cv_env_LZMA_LIBS_value=
ac_cv_env_PKG_CONFIG_LIBDIR_set=
ac_cv_env_PKG_CONFIG_LIBDIR_value=
ac_cv_env_PKG_CONFIG_PATH_set=
ac_cv_env_PKG_CONFIG_PATH_value=
ac_cv_env_PKG_CONFIG_set=
ac_cv_env_PKG_CONFIG_value=
ac_cv_env_Z_CFLAGS_set=
ac_cv_env_Z_CFLAGS_value=
ac_cv_env_Z_LIBS_set=
ac_cv_env_Z_LIBS_value=
ac_cv_env_build_alias_set=
ac_cv_env_build_alias_value=
ac_cv_env_host_alias_set=
ac_cv_env_host_alias_value=
ac_cv_env_target_alias_set=
ac_cv_env_target_alias_value=
ac_cv_func_dlopen=yes
ac_cv_func_fprintf=yes
ac_cv_func_ftime=yes
ac_cv_func_getaddrinfo=yes
ac_cv_func_gettimeofday=yes
ac_cv_func_isascii=yes
ac_cv_func_localtime=yes
ac_cv_func_mmap=yes
ac_cv_func_munmap=yes
ac_cv_func_printf=yes
ac_cv_func_putenv=yes
ac_cv_func_rand=yes
ac_cv_func_rand_r=yes
ac_cv_func_shl_load=no
ac_cv_func_signal=yes
ac_cv_func_snprintf=yes
ac_cv_func_sprintf=yes
ac_cv_func_srand=yes
ac_cv_func_sscanf=yes
ac_cv_func_stat=yes
ac_cv_func_strftime=yes
ac_cv_func_time=yes
ac_cv_func_vfprintf=yes
ac_cv_func_vsnprintf=yes
ac_cv_func_vsprintf=yes
ac_cv_header_arpa_inet_h=yes
ac_cv_header_arpa_nameser_h=yes
ac_cv_header_ctype_h=yes
ac_cv_header_dirent_dirent_h=yes
ac_cv_header_dl_h=no
ac_cv_header_dlfcn_h=yes
ac_cv_header_errno_h=yes
ac_cv_header_fcntl_h=yes
ac_cv_header_float_h=yes
ac_cv_header_iconv_h=yes
ac_cv_header_inttypes_h=yes
ac_cv_header_limits_h=yes
ac_cv_header_malloc_h=yes
ac_cv_header_math_h=yes
ac_cv_header_netdb_h=yes
ac_cv_header_netinet_in_h=yes
ac_cv_header_poll_h=yes
ac_cv_header_pthread_h=yes
ac_cv_header_resolv_h=yes
ac_cv_header_signal_h=yes
ac_cv_header_stdarg_h=yes
ac_cv_header_stdint_h=yes
ac_cv_header_stdio_h=yes
ac_cv_header_stdlib_h=yes
ac_cv_header_string_h=yes
ac_cv_header_strings_h=yes
ac_cv_header_sys_mman_h=yes
ac_cv_header_sys_select_h=yes
ac_cv_header_sys_socket_h=yes
ac_cv_header_sys_stat_h=yes
ac_cv_header_sys_time_h=yes
ac_cv_header_sys_timeb_h=yes
ac_cv_header_sys_types_h=yes
ac_cv_header_time_h=yes
ac_cv_header_unistd_h=yes
ac_cv_host=x86_64-pc-linux-gnu
ac_cv_lib_dld_shl_load=no
ac_cv_lib_pthread_pthread_join=yes
ac_cv_objext=o
ac_cv_path_EGREP='/usr/bin/grep -E'
ac_cv_path_FGREP='/usr/bin/grep -F'
ac_cv_path_GREP=/usr/bin/grep
ac_cv_path_MV=/usr/bin/mv
ac_cv_path_PERL=/usr/bin/perl
ac_cv_path_SED=/usr/bin/sed
ac_cv_path_TAR=/usr/bin/tar
ac_cv_path_WGET=/usr/bin/wget
ac_cv_path_XMLLINT=/usr/bin/xmllint
ac_cv_path_XSLTPROC=/usr/bin/xsltproc
ac_cv_path_ac_pt_PKG_CONFIG=/usr/bin/pkg-config
ac_cv_path_install='/usr/bin/install -c'
ac_cv_path_lt_DD=/usr/bin/dd
ac_cv_path_mkdir=/usr/bin/mkdir
ac_cv_prog_AWK=gawk
ac_cv_prog_CPP='gcc -E'
ac_cv_prog_ac_ct_AR=ar
ac_cv_prog_ac_ct_CC=gcc
ac_cv_prog_ac_ct_FILECMD=file
ac_cv_prog_ac_ct_OBJDUMP=objdump
ac_cv_prog_ac_ct_RANLIB=ranlib
ac_cv_prog_ac_ct_STRIP=strip
ac_cv_prog_cc_c11=
ac_cv_prog_cc_g=yes
ac_cv_prog_cc_stdc=
ac_cv_prog_make_make_set=yes
ac_cv_search_connect='none required'
ac_cv_search_gethostent='none required'
ac_cv_search_opendir='none required'
ac_cv_search_setsockopt='none required'
am_cv_CC_dependencies_compiler_type=gcc3
am_cv_make_support_nested_variables=yes
am_cv_prog_cc_c_o=yes
lt_cv_ar_at_file=@
lt_cv_archive_cmds_need_lc=no
lt_cv_deplibs_check_method=pass_all
lt_cv_file_magic_cmd='$MAGIC_CMD'
lt_cv_file_magic_test_file=
lt_cv_ld_reload_flag=-r
lt_cv_nm_interface='BSD nm'
lt_cv_objdir=.libs
lt_cv_path_LD=/usr/bin/ld
lt_cv_path_NM='/usr/bin/nm -B'
lt_cv_path_mainfest_tool=no
lt_cv_prog_compiler_c_o=yes
lt_cv_prog_compiler_pic='-fPIC -DPIC'
lt_cv_prog_compiler_pic_works=yes
lt_cv_prog_compiler_rtti_exceptions=no
lt_cv_prog_compiler_static_works=no
lt_cv_prog_gnu_ld=yes
lt_cv_sharedlib_from_linklib_cmd='printf %s\n'
lt_cv_shlibpath_overrides_runpath=yes
lt_cv_sys_global_symbol_pipe='/usr/bin/sed -n -e '\''s/^.*[	 ]\([ABCDGIRSTW][ABCDGIRSTW]*\)[	 ][	 ]*\([_A-Za-z][_A-Za-z0-9]*\)$/\1 \2 \2/p'\'' | /usr/bin/sed '\''/ __gnu_lto/d'\'''
lt_cv_sys_global_symbol_to_c_name_address='/usr/bin/sed -n -e '\''s/^: \(.*\) .*$/  {"\1", (void *) 0},/p'\'' -e '\''s/^[ABCDGIRSTW][ABCDGIRSTW]* .* \(.*\)$/  {"\1", (void *) \&\1},/p'\'''
lt_cv_sys_global_symbol_to_c_name_address_lib_prefix='/usr/bin/sed -n -e '\''s/^: \(.*\) .*$/  {"\1", (void *) 0},/p'\'' -e '\''s/^[ABCDGIRSTW][ABCDGIRSTW]* .* \(lib.*\)$/  {"\1", (void *) \&\1},/p'\'' -e '\''s/^[ABCDGIRSTW][ABCDGIRSTW]* .* \(.*\)$/  {"lib\1", (void *) \&\1},/p'\'''
lt_cv_sys_global_symbol_to_cdecl='/usr/bin/sed -n -e '\''s/^T .* \(.*\)$/extern int \1();/p'\'' -e '\''s/^[ABCDGIRSTW][ABCDGIRSTW]* .* \(.*\)$/extern char \1;/p'\'''
lt_cv_sys_global_symbol_to_import=
lt_cv_sys_max_cmd_len=1572864
lt_cv_to_host_file_cmd=func_convert_file_noop
lt_cv_to_tool_file_cmd=func_convert_file_noop
lt_cv_truncate_bin='/usr/bin/dd bs=4096 count=1'
pkg_cv_LZMA_CFLAGS=
pkg_cv_LZMA_LIBS=-llzma
pkg_cv_Z_CFLAGS=
pkg_cv_Z_LIBS=-lz
xml_cv_iconv_arg2=
xml_cv_iconv_decl='extern size_t iconv (iconv_t cd,  char * *inbuf, size_t *inbytesleft, char * *outbuf, size_t *outbytesleft);'

## ----------------- ##
## Output variables. ##
## ----------------- ##

ACLOCAL='${SHELL} '\''/home/ejago/Repos/Projects/WikiMapper/lib/libxml2-2.9.14/missing'\'' aclocal-1.16'
AMDEPBACKSLASH='\'
AMDEP_FALSE='#'
AMDEP_TRUE=''
AMTAR='$${TAR-tar}'
AM_BACKSLASH='\'
AM_DEFAULT_V='$(AM_DEFAULT_VERBOSITY)'
AM_DEFAULT_VERBOSITY='0'
AM_V='$(V)'
AR='ar'
AUTOCONF='${SHELL} '\''/home/ejago/Repos/Projects/WikiMapper/lib/libxml2-2.9.14/missing'\'' autoconf'
AUTOHEADER='${SHELL} '\''/home/ejago/Repos/Projects/WikiMapper/lib/libxml2-2.9.14/missing'\'' autoheader'
AUTOMAKE='${SHELL} '\''/home/ejago/Repos/Projects/WikiMapper/lib/libxml2-2.9.14/missing'\'' automake-1.16'
AWK='gawk'
BASE_THREAD_LIBS='-lpthread'
C14N_OBJ='c14n.c'
CATALOG_OBJ='catalog.o'
CC='gcc'
CCDEPMODE='depmode=gcc3'
CFLAGS='-g -O2'
CPP='gcc -E'
CPPFLAGS=''
CSCOPE='cscope'
CTAGS='ctags'
CYGPATH_W='echo'
CYGWIN_EXTRA_LDFLAGS=''
CYGWIN_EXTRA_PYTHON_LIBADD=''
DEBUG_OBJ='debugXML.o'
DEFS='-DHAVE_CONFIG_H'
DEPDIR='.deps'
DLLTOOL='false'
DOCB_OBJ='DOCBparser.o'
DSYMUTIL=''
DUMPBIN=''
ECHO_C=''
ECHO_N='-n'
ECHO_T=''
EGREP='/usr/bin/grep -E'
ETAGS='etags'
EXEEXT=''
EXTRA_CFLAGS=' -pedantic -Wall -Wextra -Wshadow -Wpointer-arith -Wcast-align -Wwrite-strings -Waggregate-return -Wstrict-prototypes -Wmissing-prototypes -Wnested-externs -Winline -Wredundant-decls -Wno-long-long -Wno-format-extra-args'
FGREP='/usr/bin/grep -F'
FILECMD='file'
FTP_OBJ='nanoftp.o'
GREP='/usr/bin/grep'
HTML_DIR='$(docdir)/html'
HTML_OBJ='HTMLparser.o HTMLtree.o'
HTTP_OBJ='nanohttp.o'
ICONV_LIBS=''
ICU_CFLAGS=''
ICU_DEFS=''
ICU_LIBS=''
INSTALL_DATA='${INSTALL} -m 644'
INSTALL_PROGRAM='${INSTALL}'
INSTALL_SCRIPT='${INSTALL}'
INSTALL_STRIP_PROGRAM='$(install_sh) -c -s'
LD='/usr/bin/ld -m elf_x86_64'
LDFLAGS=''
LIBOBJS=''
LIBS=''
LIBTOOL='$(SHELL) $(top_builddir)/libtool'
LIBXML_MAJOR_VERSION='2'
LIBXML_MICRO_VERSION='14'
LIBXML_MINOR_VERSION='9'
LIBXML_VERSION='2.9.14'
LIBXML_VERSION_EXTRA=''
LIBXML_VERSION_INFO='11:14:9'
LIBXML_VERSION_NUMBER='20914'
LIPO=''
LN_S='ln -s'
LTLIBOBJS=''
LT_SYS_LIBRARY_PATH=''
LZMA_CFLAGS=''
LZMA_LIBS='-llzma'
MAINT=''
MAINTAINER_MODE_FALSE='#'
MAINTAINER_MODE_TRUE=''
MAKEINFO='${SHELL} '\''/home/ejago/Repos/Projects/WikiMapper/lib/libxml2-2.9.14/missing'\'' makeinfo'
MANIFEST_TOOL=':'
MKDIR_P='/usr/bin/mkdir -p'
MODULE_EXTENSION='.so'
MODULE_PLATFORM_LIBS=''
MV='/usr/bin/mv'
M_LIBS='-lm'
NM='/usr/bin/nm -B'
NMEDIT=''
OBJDUMP='objdump'
OBJEXT='o'
OTOOL64=''
OTOOL=''
PACKAGE='libxml2'
PACKAGE_BUGREPORT=''
PACKAGE_NAME='libxml2'
PACKAGE_STRING='libxml2 2.9.14'
PACKAGE_TARNAME='libxml2'
PACKAGE_URL=''
PACKAGE_VERSION='2.9.14'
PATH_SEPARATOR=':'
PERL='/usr/bin/perl'
PKG_CONFIG='/usr/bin/pkg-config'
PKG_CONFIG_LIBDIR=''
PKG_CONFIG_PATH=''
PYTHON='/bin/python'
PYTHON_INCLUDES='/usr/include/python3.12'
PYTHON_LIBS=' -L/usr/lib64  -ldl  -lm '
PYTHON_SITE_PACKAGES='${exec_prefix}/lib64/python3.12/site-packages'
PYTHON_SUBDIR='python'
PYTHON_TESTS=' RelaxNGPythonTests SchemasPythonTests'
PYTHON_VERSION='3.12'
RANLIB='ranlib'
RDL_LIBS=''
READER_TEST='Readertests'
REBUILD_DOCS_FALSE=''
REBUILD_DOCS_TRUE='#'
RELDATE='Tue Jun  4 2024'
SED='/usr/bin/sed'
SET_MAKE=''
SHELL='/bin/sh'
STATIC_BINARIES=''
STRIP='strip'
TAR='/usr/bin/tar'
TEST_C14N='C14Ntests'
TEST_CATALOG='Catatests'
TEST_DEBUG='Scripttests'
TEST_HTML='HTMLtests'
TEST_MODULES='ModuleTests'
TEST_PATTERN='Patterntests'
TEST_PHTML='HTMLPushtests'
TEST_PUSH='XMLPushtests'
TEST_REGEXPS='Regexptests Automatatests'
TEST_SAX='SAXtests'
TEST_SCHEMAS='Schemastests Relaxtests'
TEST_SCHEMATRON='Schematrontests'
TEST_THREADS='Threadtests'
TEST_VALID='Validtests'
TEST_VTIME='VTimingtests'
TEST_XINCLUDE='XIncludetests'
TEST_XPATH='XPathtests'
TEST_XPTR='XPtrtests'
THREADS_W32_FALSE=''
THREADS_W32_TRUE='#'
THREAD_CFLAGS=' -D_REENTRANT'
THREAD_LIBS=''
USE_VERSION_SCRIPT_FALSE='#'
USE_VERSION_SCRIPT_TRUE=''
VERSION='2.9.14'
VERSION_SCRIPT_FLAGS='-Wl,--version-script='
WGET='/usr/bin/wget'
WIN32_EXTRA_LDFLAGS=''
WIN32_EXTRA_LIBADD=''
WIN32_EXTRA_PYTHON_LIBADD=''
WITH_C14N='1'
WITH_CATALOG='1'
WITH_DEBUG='1'
WITH_DOCB='1'
WITH_FTP='1'
WITH_HTML='1'
WITH_HTTP='1'
WITH_ICONV='1'
WITH_ICU='0'
WITH_ISO8859X='1'
WITH_LEGACY='1'
WITH_LZMA='1'
WITH_MEM_DEBUG='0'
WITH_MODULES='1'
WITH_OUTPUT='1'
WITH_PATTERN='1'
WITH_PUSH='1'
WITH_PYTHON_FALSE='#'
WITH_PYTHON_TRUE=''
WITH_READER='1'
WITH_REGEXPS='1'
WITH_RUN_DEBUG='0'
WITH_SAX1='1'
WITH_SAX1_SOURCES_FALSE=''
WITH_SAX1_SOURCES_TRUE='#'
WITH_SCHEMAS='1'
WITH_SCHEMATRON='1'
WITH_THREADS='1'
WITH_THREAD_ALLOC='0'
WITH_TREE='1'
WITH_TRIO='0'
WITH_TRIO_SOURCES_FALSE=''
WITH_TRIO_SOURCES_TRUE='#'
WITH_VALID='1'
WITH_WRITER='1'
WITH_XINCLUDE='1'
WITH_XPATH='1'
WITH_XPTR='1'
WITH_ZLIB='1'
XINCLUDE_OBJ='xinclude.o'
XMLLINT='/usr/bin/xmllint'
XML_CFLAGS=''
XML_INCLUDEDIR='-I${includedir}/libxml2'
XML_LIBDIR='-L${libdir}'
XML_LIBS='-lxml2'
XML_LIBTOOLLIBS='libxml2.la'
XML_PRIVATE_LIBS='-lz -llzma    -lm '
XPATH_OBJ='xpath.o'
XPTR_OBJ='xpointer.o'
XSLTPROC='/usr/bin/xsltproc'
Z_CFLAGS=''
Z_LIBS='-lz'
ac_ct_AR='ar'
ac_ct_CC='gcc'
ac_ct_DUMPBIN=''
am__EXEEXT_FALSE=''
am__EXEEXT_TRUE='#'
am__fastdepCC_FALSE='#'
am__fastdepCC_TRUE=''
am__include='include'
am__isrc=''
am__leading_dot='.'
am__nodep='_no'
am__quote=''
am__tar='$${TAR-tar} chof - "$$tardir"'
am__untar='$${TAR-tar} xf -'
bindir='${exec_prefix}/bin'
build='x86_64-pc-linux-gnu'
build_alias=''
build_cpu='x86_64'
build_os='linux-gnu'
build_vendor='pc'
datadir='${datarootdir}'
datarootdir='${prefix}/share'
docdir='${datarootdir}/doc/${PACKAGE_TARNAME}'
dvidir='${docdir}'
exec_prefix='${prefix}'
host='x86_64-pc-linux-gnu'
host_alias=''
host_cpu='x86_64'
host_os='linux-gnu'
host_vendor='pc'
htmldir='${docdir}'
includedir='${prefix}/include'
infodir='${datarootdir}/info'
install_sh='${SHELL} /home/ejago/Repos/Projects/WikiMapper/lib/libxml2-2.9.14/install-sh'
libdir='${exec_prefix}/lib'
libexecdir='${exec_prefix}/libexec'
localedir='${datarootdir}/locale'
localstatedir='${prefix}/var'
mandir='${datarootdir}/man'
mkdir_p='$(MKDIR_P)'
oldincludedir='/usr/include'
pdfdir='${docdir}'
prefix='/usr/local'
program_transform_name='s,x,x,'
psdir='${docdir}'
pythondir='$(PYTHON_SITE_PACKAGES)'
runstatedir='${localstatedir}/run'
sbindir='${exec_prefix}/sbin'
sharedstatedir='${prefix}/com'
sysconfdir='${prefix}/etc'
target_alias=''

## ----------- ##
## confdefs.h. ##
## ----------- ##

/* confdefs.h */
#define PACKAGE_NAME "libxml2"
#define PACKAGE_TARNAME "libxml2"
#define PACKAGE_VERSION "2.9.14"
#define PACKAGE_STRING "libxml2 2.9.14"
#define PACKAGE_BUGREPORT ""
#define PACKAGE_URL ""
#define PACKAGE "libxml2"
#define VERSION "2.9.14"
#define HAVE_STDIO_H 1
#define HAVE_STDLIB_H 1
#define HAVE_STRING_H 1
#define HAVE_INTTYPES_H 1
#define HAVE_STDINT_H 1
#define HAVE_STRINGS_H 1
#define HAVE_SYS_STAT_H 1
#define HAVE_SYS_TYPES_H 1
#define HAVE_UNISTD_H 1
#define STDC_HEADERS 1
#define HAVE_DLFCN_H 1
#define LT_OBJDIR ".libs/"
#define HAVE_DIRENT_H 1
#define HAVE_FCNTL_H 1
#define HAVE_UNISTD_H 1
#define HAVE_CTYPE_H 1
#define HAVE_ERRNO_H 1
#define HAVE_MALLOC_H 1
#define HAVE_STDARG_H 1
#define HAVE_SYS_STAT_H 1
#define HAVE_SYS_TYPES_H 1
#define HAVE_STDINT_H 1
#define HAVE_INTTYPES_H 1
#define HAVE_TIME_H 1
#define HAVE_MATH_H 1
#define HAVE_LIMITS_H 1
#define HAVE_FLOAT_H 1
#define HAVE_STDLIB_H 1
#define HAVE_SYS_SOCKET_H 1
#define HAVE_NETINET_IN_H 1
#define HAVE_ARPA_INET_H 1
#define HAVE_NETDB_H 1
#define HAVE_SYS_TIME_H 1
#define HAVE_SYS_SELECT_H 1
#define HAVE_POLL_H 1
#define HAVE_SYS_MMAN_H 1
#define HAVE_SYS_TIMEB_H 1
#define HAVE_SIGNAL_H 1
#define HAVE_ARPA_NAMESER_H 1
#define HAVE_RESOLV_H 1
#define HAVE_DLFCN_H 1
#define HAVE_STRFTIME 1
#define HAVE_STRFTIME 1
#define HAVE_LOCALTIME 1
#define HAVE_GETTIMEOFDAY 1
#define HAVE_FTIME 1
#define HAVE_STAT 1
#define HAVE_SIGNAL 1
#define HAVE_RAND 1
#define HAVE_RAND_R 1
#define HAVE_SRAND 1
#define HAVE_TIME 1
#define HAVE_ISASCII 1
#define HAVE_MMAP 1
#define HAVE_MUNMAP 1
#define HAVE_PUTENV 1
#define HAVE_VA_COPY 1
#define VA_LIST_IS_ARRAY 1
#define XML_SOCKLEN_T socklen_t
#define GETHOSTBYNAME_ARG_CAST /**/
#define SEND_ARG2_CAST /**/
#define HAVE_ATTRIBUTE_DESTRUCTOR 1
#define ATTRIBUTE_DESTRUCTOR __attribute__((destructor))
#define SUPPORT_IP6 /**/
#define HAVE_GETADDRINFO /**/
#define HAVE_DLOPEN /**/
#define HAVE_PTHREAD_H /**/
#define ICONV_CONST 
#define HAVE_PRINTF 1
#define HAVE_SPRINTF 1
#define HAVE_FPRINTF 1
#define HAVE_SNPRINTF 1
#define HAVE_VFPRINTF 1
#define HAVE_VSPRINTF 1
#define HAVE_VSNPRINTF 1
#define HAVE_SSCANF 1

configure: exit 0

## ---------------------- ##
## Running config.status. ##
## ---------------------- ##

This file was extended by libxml2 config.status 2.9.14, which was
generated by GNU Autoconf 2.71.  Invocation command line was

  CONFIG_FILES    = 
  CONFIG_HEADERS  = 
  CONFIG_LINKS    = 
  CONFIG_COMMANDS = 
  $ ./config.status config.h

on clip

config.status:1297: creating config.h
config.status:1478: config.h is unchanged
